<component name="libraryTable">
  <library name="junit-4.5">
    <CLASSES>
      <root url="jar://$MAVEN_REPOSITORY$/junit/junit/4.5/junit-4.5.jar!/" />
    </CLASSES>
    <JAVADOC />
    <SOURCES />
  </library>
</component>